<?xml version="1.0" encoding="UTF-8"?>
<!-- Generated by org.testng.reporters.JUnitReportReporter -->
<testsuite hostname="Qcentris-396" failures="0" tests="1" name="tests.LandingPageTest" time="7.530" errors="0" timestamp="2024-12-09T16:42:25 EET" skipped="0">
  <testcase classname="tests.LandingPageTest" name="testLogin" time="7.530"/>
  <system-out/>
</testsuite> <!-- tests.LandingPageTest -->
